{
  "stats": {
    "suites": 1,
    "tests": 2,
    "passes": 1,
    "pending": 0,
    "failures": 1,
    "start": "2021-09-27T14:18:18.936Z",
    "end": "2021-09-27T14:18:44.003Z",
    "duration": 25067,
    "testsRegistered": 2,
    "passPercent": 50,
    "pendingPercent": 0,
    "other": 0,
    "hasOther": false,
    "skipped": 0,
    "hasSkipped": false
  },
  "results": [
    {
      "uuid": "ba9d8189-464a-40b4-bd14-3ab65d54ccac",
      "title": "",
      "fullFile": "cypress/integration/SimpleTest/SimpleTest.feature",
      "file": "cypress/integration/SimpleTest/SimpleTest.feature",
      "beforeHooks": [],
      "afterHooks": [],
      "tests": [],
      "suites": [
        {
          "uuid": "80794986-882d-450c-8442-878921a35d0b",
          "title": "SimpleTest",
          "fullFile": "",
          "file": "",
          "beforeHooks": [],
          "afterHooks": [],
          "tests": [
            {
              "title": "C4949 Simple Test opening main page",
              "fullTitle": "SimpleTest C4949 Simple Test opening main page",
              "timedOut": null,
              "duration": 3111,
              "state": "passed",
              "speed": "slow",
              "pass": true,
              "fail": false,
              "pending": false,
              "context": null,
              "code": "const state = window.testState;\nreturn cy\n  .then(() => state.onStartScenario(scenario, indexedSteps))\n  .then(() =>\n    resolveAndRunBeforeHooks.call(this, scenario.tags, state.feature.name)\n  )\n  .then(() =>\n    indexedSteps.forEach((step) =>\n      stepTest.call(this, state, step, rowData)\n    )\n  )\n  .then(() => state.onFinishScenario(scenario));",
              "err": {},
              "uuid": "99d7db2e-d6e3-44cc-b49c-980ceb171e2c",
              "parentUUID": "80794986-882d-450c-8442-878921a35d0b",
              "isHook": false,
              "skipped": false
            },
            {
              "title": "C4950 Simple Failing Test opening main page",
              "fullTitle": "SimpleTest C4950 Simple Failing Test opening main page",
              "timedOut": null,
              "duration": 21750,
              "state": "failed",
              "speed": null,
              "pass": false,
              "fail": true,
              "pending": false,
              "context": null,
              "code": "const state = window.testState;\nreturn cy\n  .then(() => state.onStartScenario(scenario, indexedSteps))\n  .then(() =>\n    resolveAndRunBeforeHooks.call(this, scenario.tags, state.feature.name)\n  )\n  .then(() =>\n    indexedSteps.forEach((step) =>\n      stepTest.call(this, state, step, rowData)\n    )\n  )\n  .then(() => state.onFinishScenario(scenario));",
              "err": {
                "message": "AssertionError: Timed out retrying after 20000ms: Expected to find content: 'Request a demo2' but never did.",
                "estack": "AssertionError: Timed out retrying after 20000ms: Expected to find content: 'Request a demo2' but never did.\n    at Context.eval (https://www.adjust.com/__cypress/tests?p=cypress/integration/SimpleTest/SimpleTest.feature:40842:8)\n    at Context.resolveAndRunStepDefinition (https://www.adjust.com/__cypress/tests?p=cypress/integration/SimpleTest/SimpleTest.feature:19847:29)\n    at Context.eval (https://www.adjust.com/__cypress/tests?p=cypress/integration/SimpleTest/SimpleTest.feature:39808:35)",
                "diff": null
              },
              "uuid": "d48897ac-5bbf-445a-bc67-586121be7db7",
              "parentUUID": "80794986-882d-450c-8442-878921a35d0b",
              "isHook": false,
              "skipped": false
            }
          ],
          "suites": [],
          "passes": [
            "99d7db2e-d6e3-44cc-b49c-980ceb171e2c"
          ],
          "failures": [
            "d48897ac-5bbf-445a-bc67-586121be7db7"
          ],
          "pending": [],
          "skipped": [],
          "duration": 24861,
          "root": false,
          "rootEmpty": false,
          "_timeout": 2000
        }
      ],
      "passes": [],
      "failures": [],
      "pending": [],
      "skipped": [],
      "duration": 0,
      "root": true,
      "rootEmpty": true,
      "_timeout": 2000
    }
  ],
  "meta": {
    "mocha": {
      "version": "7.0.1"
    },
    "mochawesome": {
      "options": {
        "quiet": false,
        "reportFilename": "mochawesome",
        "saveHtml": false,
        "saveJson": true,
        "consoleReporter": "spec",
        "useInlineDiffs": false,
        "code": true
      },
      "version": "6.2.2"
    },
    "marge": {
      "options": {
        "charts": true,
        "overwrite": false,
        "html": false,
        "json": true,
        "reportDir": "results/reports"
      },
      "version": "5.2.0"
    }
  }
}